<?xml version="1.0" encoding="UTF-8"?>
<!-- Generated by org.testng.reporters.JUnitReportReporter -->
<testsuite hostname="DESKTOP-Toqa" failures="0" tests="1" name="JavaClassPackage.JavaClass" time="2.678" errors="0" timestamp="2024-03-06T17:47:37 EET" skipped="0">
  <testcase classname="JavaClassPackage.JavaClass" name="myfirstTest" time="2.678"/>
  <system-out/>
</testsuite> <!-- JavaClassPackage.JavaClass -->
